[debug] [2019-02-17T09:52:57.794Z] ----------------------------------------------------------------------
[debug] [2019-02-17T09:52:57.796Z] Command:       /usr/bin/node8 /usr/local/bin/firebase init
[debug] [2019-02-17T09:52:57.797Z] CLI Version:   6.3.1
[debug] [2019-02-17T09:52:57.797Z] Platform:      linux
[debug] [2019-02-17T09:52:57.797Z] Node Version:  v8.15.0
[debug] [2019-02-17T09:52:57.797Z] Time:          Sun Feb 17 2019 15:52:57 GMT+0600 (+06)
[debug] [2019-02-17T09:52:57.797Z] ----------------------------------------------------------------------
[debug] 
[debug] [2019-02-17T09:52:57.805Z] > command requires scopes: ["email","openid","https://www.googleapis.com/auth/cloudplatformprojects.readonly","https://www.googleapis.com/auth/firebase","https://www.googleapis.com/auth/cloud-platform"]
[debug] [2019-02-17T09:52:57.805Z] > authorizing via signed-in user
[info] 
     ######## #### ########  ######## ########     ###     ######  ########
     ##        ##  ##     ## ##       ##     ##  ##   ##  ##       ##
     ######    ##  ########  ######   ########  #########  ######  ######
     ##        ##  ##    ##  ##       ##     ## ##     ##       ## ##
     ##       #### ##     ## ######## ########  ##     ##  ######  ########

You're about to initialize a Firebase project in this directory:

  /home/nidhiram/Downloads/Arena

Before we get started, keep in mind:

  * You are initializing in an existing Firebase project directory

[info] 
=== Project Setup
[info] 
[info] First, let's associate this project directory with a Firebase project.
[info] You can create multiple project aliases by running firebase use --add, 
[info] but for now we'll just set up a default project.
[info] 
[info] i  .firebaserc already has a default project, skipping
[info] 
=== Database Setup
[info] 
[info] Firebase Realtime Database Rules allow you to define how your data should be
[info] structured and when your data can be read from and written to.
[info] 
[debug] [2019-02-17T09:53:23.493Z] Error: EACCES: permission denied, open '/home/nidhiram/Downloads/Arena/database.rules.json'
    at Object.fs.openSync (fs.js:646:18)
    at Object.fs.writeFileSync (fs.js:1299:33)
    at Config.writeProjectFile (/usr/local/lib/node_modules/firebase-tools/lib/config.js:161:8)
    at /usr/local/lib/node_modules/firebase-tools/lib/init/features/database.js:25:23
    at <anonymous>
    at process._tickDomainCallback (internal/process/next_tick.js:229:7)
[error] 
[error] Error: An unexpected error has occurred.
